# JRE version: OpenJDK Runtime Environment Temurin-21.0.2+13 (21.0.2+13) (build 21.0.2+13-LTS)
# Java VM: OpenJDK 64-Bit Server VM Temurin-21.0.2+13 (21.0.2+13-LTS, mixed mode, emulated-client, sharing, tiered, compressed oops, compressed class ptrs, g1 gc, windows-amd64)
GC Precious Log:
 CardTable entry size: 512
 Card Set container configuration: InlinePtr #cards 4 size 8 Array Of Cards #cards 16 size 48 Howl #buckets 8 coarsen threshold 3686 Howl Bitmap #cards 512 size 80 coarsen threshold 460 Card regions per heap region 1 cards per card region 4096
 CPUs: 12 total, 12 available
 Memory: 16016M
 Large Page Support: Disabled
 NUMA Support: Disabled
 Compressed Oops: Enabled (Zero based)
 Heap Region Size: 2M
 Heap Min Capacity: 8M
 Heap Initial Capacity: 252M
 Heap Max Capacity: 4006M
 Pre-touch: Disabled
 Parallel Workers: 10
 Concurrent Workers: 3
 Concurrent Refinement Workers: 10
 Periodic GC: Disabled
Heap:
 garbage-first heap   total 90112K, used 66979K [0x0000000705a00000, 0x0000000800000000)
  region size 2048K, 23 young (47104K), 0 survivors (0K)
 Metaspace       used 61833K, committed 62528K, reserved 1114112K
  class space    used 8713K, committed 9024K, reserved 1048576K
GC Heap History (20 events):
Event: 3.594 GC heap before
{Heap before GC invocations=8 (full 0):
 garbage-first heap   total 88064K, used 63321K [0x0000000705a00000, 0x0000000800000000)
  region size 2048K, 25 young (51200K), 2 survivors (4096K)
 Metaspace       used 30153K, committed 30656K, reserved 1114112K
  class space    used 4061K, committed 4288K, reserved 1048576K
}
Event: 3.602 GC heap after
{Heap after GC invocations=9 (full 0):
 garbage-first heap   total 88064K, used 18265K [0x0000000705a00000, 0x0000000800000000)
  region size 2048K, 3 young (6144K), 3 survivors (6144K)
 Metaspace       used 30153K, committed 30656K, reserved 1114112K
  class space    used 4061K, committed 4288K, reserved 1048576K
}
Event: 3.742 GC heap before
{Heap before GC invocations=9 (full 0):
 garbage-first heap   total 88064K, used 32601K [0x0000000705a00000, 0x0000000800000000)
  region size 2048K, 11 young (22528K), 3 survivors (6144K)
 Metaspace       used 31573K, committed 32000K, reserved 1114112K
  class space    used 4291K, committed 4480K, reserved 1048576K
}
Event: 3.752 GC heap after
{Heap after GC invocations=10 (full 0):
 garbage-first heap   total 88064K, used 19505K [0x0000000705a00000, 0x0000000800000000)
  region size 2048K, 3 young (6144K), 3 survivors (6144K)
 Metaspace       used 31573K, committed 32000K, reserved 1114112K
  class space    used 4291K, committed 4480K, reserved 1048576K
}
Event: 4.141 GC heap before
{Heap before GC invocations=11 (full 0):
 garbage-first heap   total 81920K, used 64561K [0x0000000705a00000, 0x0000000800000000)
  region size 2048K, 25 young (51200K), 3 survivors (6144K)
 Metaspace       used 34904K, committed 35520K, reserved 1114112K
  class space    used 4700K, committed 4992K, reserved 1048576K
}
Event: 4.150 GC heap after
{Heap after GC invocations=12 (full 0):
 garbage-first heap   total 81920K, used 20768K [0x0000000705a00000, 0x0000000800000000)
  region size 2048K, 3 young (6144K), 3 survivors (6144K)
 Metaspace       used 34904K, committed 35520K, reserved 1114112K
  class space    used 4700K, committed 4992K, reserved 1048576K
}
Event: 4.436 GC heap before
{Heap before GC invocations=12 (full 0):
 garbage-first heap   total 81920K, used 63776K [0x0000000705a00000, 0x0000000800000000)
  region size 2048K, 24 young (49152K), 3 survivors (6144K)
 Metaspace       used 38678K, committed 39296K, reserved 1114112K
  class space    used 5288K, committed 5568K, reserved 1048576K
}
Event: 4.445 GC heap after
{Heap after GC invocations=13 (full 0):
 garbage-first heap   total 81920K, used 21255K [0x0000000705a00000, 0x0000000800000000)
  region size 2048K, 2 young (4096K), 2 survivors (4096K)
 Metaspace       used 38678K, committed 39296K, reserved 1114112K
  class space    used 5288K, committed 5568K, reserved 1048576K
}
Event: 4.778 GC heap before
{Heap before GC invocations=13 (full 0):
 garbage-first heap   total 81920K, used 66311K [0x0000000705a00000, 0x0000000800000000)
  region size 2048K, 24 young (49152K), 2 survivors (4096K)
 Metaspace       used 43257K, committed 43904K, reserved 1114112K
  class space    used 5917K, committed 6208K, reserved 1048576K
}
Event: 4.785 GC heap after
{Heap after GC invocations=14 (full 0):
 garbage-first heap   total 98304K, used 22324K [0x0000000705a00000, 0x0000000800000000)
  region size 2048K, 3 young (6144K), 3 survivors (6144K)
 Metaspace       used 43257K, committed 43904K, reserved 1114112K
  class space    used 5917K, committed 6208K, reserved 1048576K
}
Event: 5.119 GC heap before
{Heap before GC invocations=14 (full 0):
 garbage-first heap   total 98304K, used 71476K [0x0000000705a00000, 0x0000000800000000)
  region size 2048K, 28 young (57344K), 3 survivors (6144K)
 Metaspace       used 47834K, committed 48448K, reserved 1114112K
  class space    used 6501K, committed 6784K, reserved 1048576K
}
Event: 5.128 GC heap after
{Heap after GC invocations=15 (full 0):
 garbage-first heap   total 98304K, used 23275K [0x0000000705a00000, 0x0000000800000000)
  region size 2048K, 3 young (6144K), 3 survivors (6144K)
 Metaspace       used 47834K, committed 48448K, reserved 1114112K
  class space    used 6501K, committed 6784K, reserved 1048576K
}
Event: 5.438 GC heap before
{Heap before GC invocations=15 (full 0):
 garbage-first heap   total 98304K, used 66283K [0x0000000705a00000, 0x0000000800000000)
  region size 2048K, 26 young (53248K), 3 survivors (6144K)
 Metaspace       used 52896K, committed 53440K, reserved 1114112K
  class space    used 7368K, committed 7616K, reserved 1048576K
}
Event: 5.447 GC heap after
{Heap after GC invocations=16 (full 0):
 garbage-first heap   total 98304K, used 23824K [0x0000000705a00000, 0x0000000800000000)
  region size 2048K, 3 young (6144K), 3 survivors (6144K)
 Metaspace       used 52896K, committed 53440K, reserved 1114112K
  class space    used 7368K, committed 7616K, reserved 1048576K
}
Event: 5.822 GC heap before
{Heap before GC invocations=17 (full 0):
 garbage-first heap   total 90112K, used 68880K [0x0000000705a00000, 0x0000000800000000)
  region size 2048K, 26 young (53248K), 3 survivors (6144K)
 Metaspace       used 56968K, committed 57536K, reserved 1114112K
  class space    used 7954K, committed 8192K, reserved 1048576K
}
Event: 5.828 GC heap after
{Heap after GC invocations=18 (full 0):
 garbage-first heap   total 90112K, used 25001K [0x0000000705a00000, 0x0000000800000000)
  region size 2048K, 3 young (6144K), 3 survivors (6144K)
 Metaspace       used 56968K, committed 57536K, reserved 1114112K
  class space    used 7954K, committed 8192K, reserved 1048576K
}
Event: 6.239 GC heap before
{Heap before GC invocations=18 (full 0):
 garbage-first heap   total 90112K, used 72105K [0x0000000705a00000, 0x0000000800000000)
  region size 2048K, 26 young (53248K), 3 survivors (6144K)
 Metaspace       used 60374K, committed 61120K, reserved 1114112K
  class space    used 8462K, committed 8832K, reserved 1048576K
}
Event: 6.252 GC heap after
{Heap after GC invocations=19 (full 0):
 garbage-first heap   total 90112K, used 27855K [0x0000000705a00000, 0x0000000800000000)
  region size 2048K, 4 young (8192K), 4 survivors (8192K)
 Metaspace       used 60374K, committed 61120K, reserved 1114112K
  class space    used 8462K, committed 8832K, reserved 1048576K
}
Event: 102.191 GC heap before
{Heap before GC invocations=19 (full 0):
 garbage-first heap   total 90112K, used 60623K [0x0000000705a00000, 0x0000000800000000)
  region size 2048K, 21 young (43008K), 4 survivors (8192K)
 Metaspace       used 61751K, committed 62528K, reserved 1114112K
  class space    used 8697K, committed 9024K, reserved 1048576K
}
Event: 102.248 GC heap after
{Heap after GC invocations=20 (full 1):
 garbage-first heap   total 90112K, used 23971K [0x0000000705a00000, 0x0000000800000000)
  region size 2048K, 0 young (0K), 0 survivors (0K)
 Metaspace       used 61751K, committed 62528K, reserved 1114112K
  class space    used 8697K, committed 9024K, reserved 1048576K
}

