# JRE version: OpenJDK Runtime Environment Temurin-21.0.2+13 (21.0.2+13) (build 21.0.2+13-LTS)
# Java VM: OpenJDK 64-Bit Server VM Temurin-21.0.2+13 (21.0.2+13-LTS, mixed mode, emulated-client, sharing, tiered, compressed oops, compressed class ptrs, g1 gc, windows-amd64)
GC Precious Log:
 CardTable entry size: 512
 Card Set container configuration: InlinePtr #cards 4 size 8 Array Of Cards #cards 16 size 48 Howl #buckets 8 coarsen threshold 3686 Howl Bitmap #cards 512 size 80 coarsen threshold 460 Card regions per heap region 1 cards per card region 4096
 CPUs: 12 total, 12 available
 Memory: 16016M
 Large Page Support: Disabled
 NUMA Support: Disabled
 Compressed Oops: Enabled (Zero based)
 Heap Region Size: 2M
 Heap Min Capacity: 8M
 Heap Initial Capacity: 252M
 Heap Max Capacity: 4006M
 Pre-touch: Disabled
 Parallel Workers: 10
 Concurrent Workers: 3
 Concurrent Refinement Workers: 10
 Periodic GC: Disabled
Heap:
 garbage-first heap   total 90112K, used 78375K [0x0000000705a00000, 0x0000000800000000)
  region size 2048K, 26 young (53248K), 3 survivors (6144K)
 Metaspace       used 72959K, committed 73792K, reserved 1114112K
  class space    used 10139K, committed 10560K, reserved 1048576K
GC Heap History (20 events):
Event: 8626.089 GC heap after
{Heap after GC invocations=85 (full 18):
 garbage-first heap   total 90112K, used 33392K [0x0000000705a00000, 0x0000000800000000)
  region size 2048K, 2 young (4096K), 2 survivors (4096K)
 Metaspace       used 72896K, committed 73728K, reserved 1114112K
  class space    used 10124K, committed 10560K, reserved 1048576K
}
Event: 8626.283 GC heap before
{Heap before GC invocations=85 (full 18):
 garbage-first heap   total 90112K, used 72304K [0x0000000705a00000, 0x0000000800000000)
  region size 2048K, 21 young (43008K), 2 survivors (4096K)
 Metaspace       used 73105K, committed 73984K, reserved 1114112K
  class space    used 10141K, committed 10560K, reserved 1048576K
}
Event: 8626.288 GC heap after
{Heap after GC invocations=86 (full 18):
 garbage-first heap   total 90112K, used 36819K [0x0000000705a00000, 0x0000000800000000)
  region size 2048K, 2 young (4096K), 2 survivors (4096K)
 Metaspace       used 73105K, committed 73984K, reserved 1114112K
  class space    used 10141K, committed 10560K, reserved 1048576K
}
Event: 8687.367 GC heap before
{Heap before GC invocations=86 (full 18):
 garbage-first heap   total 90112K, used 53203K [0x0000000705a00000, 0x0000000800000000)
  region size 2048K, 11 young (22528K), 2 survivors (4096K)
 Metaspace       used 73159K, committed 73984K, reserved 1114112K
  class space    used 10150K, committed 10560K, reserved 1048576K
}
Event: 8687.406 GC heap after
{Heap after GC invocations=87 (full 19):
 garbage-first heap   total 90112K, used 27247K [0x0000000705a00000, 0x0000000800000000)
  region size 2048K, 0 young (0K), 0 survivors (0K)
 Metaspace       used 72613K, committed 73728K, reserved 1114112K
  class space    used 10101K, committed 10560K, reserved 1048576K
}
Event: 8687.958 GC heap before
{Heap before GC invocations=87 (full 19):
 garbage-first heap   total 90112K, used 70255K [0x0000000705a00000, 0x0000000800000000)
  region size 2048K, 22 young (45056K), 0 survivors (0K)
 Metaspace       used 72678K, committed 73728K, reserved 1114112K
  class space    used 10110K, committed 10560K, reserved 1048576K
}
Event: 8687.960 GC heap after
{Heap after GC invocations=88 (full 19):
 garbage-first heap   total 90112K, used 31092K [0x0000000705a00000, 0x0000000800000000)
  region size 2048K, 2 young (4096K), 2 survivors (4096K)
 Metaspace       used 72678K, committed 73728K, reserved 1114112K
  class space    used 10110K, committed 10560K, reserved 1048576K
}
Event: 8709.763 GC heap before
{Heap before GC invocations=89 (full 19):
 garbage-first heap   total 90112K, used 65908K [0x0000000705a00000, 0x0000000800000000)
  region size 2048K, 20 young (40960K), 2 survivors (4096K)
 Metaspace       used 72912K, committed 73792K, reserved 1114112K
  class space    used 10130K, committed 10560K, reserved 1048576K
}
Event: 8709.809 GC heap after
{Heap after GC invocations=90 (full 20):
 garbage-first heap   total 90112K, used 27285K [0x0000000705a00000, 0x0000000800000000)
  region size 2048K, 0 young (0K), 0 survivors (0K)
 Metaspace       used 72629K, committed 73792K, reserved 1114112K
  class space    used 10103K, committed 10560K, reserved 1048576K
}
Event: 8710.222 GC heap before
{Heap before GC invocations=90 (full 20):
 garbage-first heap   total 90112K, used 74389K [0x0000000705a00000, 0x0000000800000000)
  region size 2048K, 24 young (49152K), 0 survivors (0K)
 Metaspace       used 72737K, committed 73792K, reserved 1114112K
  class space    used 10117K, committed 10560K, reserved 1048576K
}
Event: 8710.227 GC heap after
{Heap after GC invocations=91 (full 20):
 garbage-first heap   total 90112K, used 31128K [0x0000000705a00000, 0x0000000800000000)
  region size 2048K, 2 young (4096K), 2 survivors (4096K)
 Metaspace       used 72737K, committed 73792K, reserved 1114112K
  class space    used 10117K, committed 10560K, reserved 1048576K
}
Event: 8766.415 GC heap before
{Heap before GC invocations=92 (full 20):
 garbage-first heap   total 90112K, used 65944K [0x0000000705a00000, 0x0000000800000000)
  region size 2048K, 20 young (40960K), 2 survivors (4096K)
 Metaspace       used 72898K, committed 73792K, reserved 1114112K
  class space    used 10127K, committed 10560K, reserved 1048576K
}
Event: 8766.459 GC heap after
{Heap after GC invocations=93 (full 21):
 garbage-first heap   total 90112K, used 27387K [0x0000000705a00000, 0x0000000800000000)
  region size 2048K, 0 young (0K), 0 survivors (0K)
 Metaspace       used 72628K, committed 73792K, reserved 1114112K
  class space    used 10102K, committed 10560K, reserved 1048576K
}
Event: 8766.810 GC heap before
{Heap before GC invocations=93 (full 21):
 garbage-first heap   total 90112K, used 70395K [0x0000000705a00000, 0x0000000800000000)
  region size 2048K, 22 young (45056K), 0 survivors (0K)
 Metaspace       used 72694K, committed 73792K, reserved 1114112K
  class space    used 10111K, committed 10560K, reserved 1048576K
}
Event: 8766.813 GC heap after
{Heap after GC invocations=94 (full 21):
 garbage-first heap   total 90112K, used 30957K [0x0000000705a00000, 0x0000000800000000)
  region size 2048K, 2 young (4096K), 2 survivors (4096K)
 Metaspace       used 72694K, committed 73792K, reserved 1114112K
  class space    used 10111K, committed 10560K, reserved 1048576K
}
Event: 8803.377 GC heap before
{Heap before GC invocations=95 (full 21):
 garbage-first heap   total 90112K, used 65773K [0x0000000705a00000, 0x0000000800000000)
  region size 2048K, 20 young (40960K), 2 survivors (4096K)
 Metaspace       used 72962K, committed 73792K, reserved 1114112K
  class space    used 10141K, committed 10560K, reserved 1048576K
}
Event: 8803.419 GC heap after
{Heap after GC invocations=96 (full 22):
 garbage-first heap   total 90112K, used 27229K [0x0000000705a00000, 0x0000000800000000)
  region size 2048K, 0 young (0K), 0 survivors (0K)
 Metaspace       used 72688K, committed 73792K, reserved 1114112K
  class space    used 10115K, committed 10560K, reserved 1048576K
}
Event: 8803.803 GC heap before
{Heap before GC invocations=96 (full 22):
 garbage-first heap   total 90112K, used 74333K [0x0000000705a00000, 0x0000000800000000)
  region size 2048K, 24 young (49152K), 0 survivors (0K)
 Metaspace       used 72800K, committed 73792K, reserved 1114112K
  class space    used 10130K, committed 10560K, reserved 1048576K
}
Event: 8803.808 GC heap after
{Heap after GC invocations=97 (full 22):
 garbage-first heap   total 90112K, used 31271K [0x0000000705a00000, 0x0000000800000000)
  region size 2048K, 2 young (4096K), 2 survivors (4096K)
 Metaspace       used 72800K, committed 73792K, reserved 1114112K
  class space    used 10130K, committed 10560K, reserved 1048576K
}
Event: 9188.037 GC heap before
{Heap before GC invocations=98 (full 22):
 garbage-first heap   total 90112K, used 78375K [0x0000000705a00000, 0x0000000800000000)
  region size 2048K, 25 young (51200K), 2 survivors (4096K)
 Metaspace       used 72959K, committed 73792K, reserved 1114112K
  class space    used 10139K, committed 10560K, reserved 1048576K
}

